17 févr. 2017 15:22:47 /home/ambre-aurore/bin/Fish_And_Chips_AAJ/WorkingDirectoryInsertionProcess/SRP888888/SRP888888.TMM.fpkm.matrix Exception 15
17 févr. 2017 15:26:20 /home/ambre-aurore/bin/Fish_And_Chips_AAJ/WorkingDirectoryInsertionProcess/SRP888888/SRP888888.TMM.fpkm.matrix Exception 15
17 févr. 2017 15:27:50 /home/ambre-aurore/bin/Fish_And_Chips_AAJ/WorkingDirectoryInsertionProcess/SRP888888/SRP888888.TMM.fpkm.matrix Exception 15
17 févr. 2017 15:29:17 /home/ambre-aurore/bin/Fish_And_Chips_AAJ/WorkingDirectoryInsertionProcess/SRP888888/SRP888888.TMM.fpkm.matrix Exception 15
17 févr. 2017 15:44:38 /home/ambre-aurore/bin/Fish_And_Chips_AAJ/WorkingDirectoryInsertionProcess/SRP888888/SRP888888.TMM.fpkm.matrix Exception 15
17 févr. 2017 15:48:9 /home/ambre-aurore/bin/Fish_And_Chips_AAJ/WorkingDirectoryInsertionProcess/SRP888888/SRP888888.TMM.fpkm.matrix Exception 15
20 févr. 2017 11:55:9 /home/ambre-aurore/bin/Fish_And_Chips_AAJ/WorkingDirectoryInsertionProcess/SRP888888/SRP888888.TMM.fpkm.matrix Exception 15
20 févr. 2017 11:56:48 /home/ambre-aurore/bin/Fish_And_Chips_AAJ/WorkingDirectoryInsertionProcess/SRP888888/SRP888888.TMM.fpkm.matrix Exception 15
20 févr. 2017 15:39:14 /home/ambre-aurore/bin/Fish_And_Chips_AAJ/WorkingDirectoryInsertionProcess/SRP888888/SRP888888.TMM.fpkm.matrix : nbre de clusters = 84
20 févr. 2017 15:52:7 /home/ambre-aurore/bin/Fish_And_Chips_AAJ/WorkingDirectoryInsertionProcess/SRP888888/SRP888888.TMM.fpkm.matrix : nbre de clusters = 81
20 févr. 2017 16:9:18 /home/ambre-aurore/bin/Fish_And_Chips_AAJ/WorkingDirectoryInsertionProcess/SRP888888/SRP888888.TMM.fpkm.matrix : nbre de clusters = 101
20 févr. 2017 16:28:25 /home/ambre-aurore/bin/Fish_And_Chips_AAJ/WorkingDirectoryInsertionProcess/SRP888888/SRP888888.TMM.fpkm.matrix : nbre de clusters = 100
20 févr. 2017 16:43:52 /home/ambre-aurore/bin/Fish_And_Chips_AAJ/WorkingDirectoryInsertionProcess/SRP888888/SRP888888.TMM.fpkm.matrix : nbre de clusters = 90
20 févr. 2017 16:56:25 /home/ambre-aurore/bin/Fish_And_Chips_AAJ/WorkingDirectoryInsertionProcess/SRP888888/SRP888888.TMM.fpkm.matrix : nbre de clusters = 78
20 févr. 2017 17:4:48 /home/ambre-aurore/bin/Fish_And_Chips_AAJ/WorkingDirectoryInsertionProcess/SRP888888/SRP888888.TMM.fpkm.matrix : nbre de clusters = 89
20 févr. 2017 17:10:51 /home/ambre-aurore/bin/Fish_And_Chips_AAJ/WorkingDirectoryInsertionProcess/SRP888888/SRP888888.TMM.fpkm.matrix : nbre de clusters = 78
27 févr. 2017 8:45:46 /home/ambre-aurore/bin/Fish_And_Chips_AAJ/WorkingDirectoryInsertionProcess/SRP888888/SRP888888.TMM.fpkm.matrix : nbre de clusters = 90
27 févr. 2017 9:2:19 /home/ambre-aurore/bin/Fish_And_Chips_AAJ/WorkingDirectoryInsertionProcess/SRP888888/SRP888888.TMM.fpkm.matrix : nbre de clusters = 94
27 févr. 2017 9:25:58 /home/ambre-aurore/bin/Fish_And_Chips_AAJ/WorkingDirectoryInsertionProcess/SRP888888/SRP888888.TMM.fpkm.matrix : nbre de clusters = 80
27 févr. 2017 9:39:11 /home/ambre-aurore/bin/Fish_And_Chips_AAJ/WorkingDirectoryInsertionProcess/SRP888888/SRP888888.TMM.fpkm.matrix : nbre de clusters = 94
27 févr. 2017 10:22:46 /home/ambre-aurore/bin/Fish_And_Chips_AAJ/WorkingDirectoryInsertionProcess/SRP888888/SRP888888.TMM.fpkm.matrix : nbre de clusters = 86
27 févr. 2017 10:33:21 /home/ambre-aurore/bin/Fish_And_Chips_AAJ/WorkingDirectoryInsertionProcess/SRP888888/SRP888888.TMM.fpkm.matrix : nbre de clusters = 81
27 févr. 2017 11:5:25 /home/ambre-aurore/bin/Fish_And_Chips_AAJ/WorkingDirectoryInsertionProcess/SRP888888/SRP888888.TMM.fpkm.matrix : nbre de clusters = 89
27 févr. 2017 12:3:27 /home/ambre-aurore/bin/Fish_And_Chips_AAJ/WorkingDirectoryInsertionProcess/SRP888888/SRP888888.TMM.fpkm.matrix : nbre de clusters = 95
27 févr. 2017 13:16:4 /home/ambre-aurore/bin/Fish_And_Chips_AAJ/WorkingDirectoryInsertionProcess/SRP888888/SRP888888.TMM.fpkm.matrix : nbre de clusters = 77
6 mars 2017 15:45:51 /home/ambre-aurore/bin/Fish_And_Chips_AAJ/WorkingDirectoryInsertionProcess/SRP888888/SRP888888.TMM.fpkm.matrix : nbre de clusters = 89
6 mars 2017 16:53:2 /home/ambre-aurore/bin/Fish_And_Chips_AAJ/WorkingDirectoryInsertionProcess/SRP888888/SRP888888.TMM.fpkm.matrix : nbre de clusters = 86
7 mars 2017 9:22:12 /home/ambre-aurore/bin/Fish_And_Chips_AAJ/WorkingDirectoryInsertionProcess/SRP888888/SRP888888.TMM.fpkm.matrix : nbre de clusters = 78
13 avr. 2017 14:40:35 /home/ambre-aurore/data/SRP808080/SRP808080_20000genes_counts.TMM.fpkm.matrix Exception 1
13 avr. 2017 14:50:35 /home/ambre-aurore/data/SRP808080/SRP808080_20000genes_counts.TMM.fpkm.matrix Exception 1
13 avr. 2017 14:55:12 /home/ambre-aurore/data/SRP808080/SRP808080_20000genes_counts.TMM.fpkm.matrix Exception 1
13 avr. 2017 15:31:14 /home/ambre-aurore/data/SRP808080/SRP808080_20000genes_counts.TMM.fpkm.matrix Exception 1
13 avr. 2017 15:33:31 /home/ambre-aurore/data/SRP808080/SRP808080_20000genes_counts.TMM.fpkm.matrix Exception 1
13 avr. 2017 15:46:39 /home/ambre-aurore/data/SRP808080/SRP808080_20000genes_counts.TMM.fpkm.matrix Exception 1
13 avr. 2017 16:1:58 /home/ambre-aurore/data/SRP888888/SRP888888_20000genes_counts.TMM.fpkm.matrix : nbre de clusters = 95
13 avr. 2017 16:21:57 /home/ambre-aurore/data/SRP808080/SRP808080_20000genes_counts.TMM.fpkm.matrix Exception 1
13 avr. 2017 16:54:25 /home/ambre-aurore/data/SRP808080/SRP808080_20000genes_counts.TMM.fpkm.matrix Exception 1
19 avr. 2017 8:43:57 /home/ambre-aurore/data/SRP808080/SRP808080_20000genes_counts.TMM.fpkm.matrix Exception 1
19 avr. 2017 10:2:11 nbre de parametres insuffisants
19 avr. 2017 10:2:15 nbre de parametres insuffisants
19 avr. 2017 10:2:20 nbre de parametres insuffisants
19 avr. 2017 10:2:25 nbre de parametres insuffisants
19 avr. 2017 10:2:33 nbre de parametres insuffisants
19 avr. 2017 10:53:45 nbre de parametres insuffisants
19 avr. 2017 11:41:51 /home/ambre-aurore/data/SRP808080/SRP808080_20000genes_counts.TMM.fpkm.matrix Exception 1
19 avr. 2017 11:52:33 erreur de format des parametres en ligne de commande
19 avr. 2017 11:52:58 /home/ambre-aurore/data/SRP808080/SRP808080_20000genes_counts.TMM.fpkm.matrix Exception 1
19 avr. 2017 12:0:21 /home/ambre-aurore/data/SRP808080/SRP808080_20000genes_counts.TMM.fpkm.matrix Exception 1
19 avr. 2017 15:28:49 /home/ambre-aurore/data/SRP808080/SRP808080_20000genes_counts.TMM.fpkm.matrix Exception 1
19 avr. 2017 15:34:57 nbre de parametres insuffisants
19 avr. 2017 15:36:0 nbre de parametres insuffisants
19 avr. 2017 15:37:36 /home/ambre-aurore/data/SRP808080/SRP808080_20000genes_counts.TMM.fpkm.matrix Exception 1
20 avr. 2017 9:11:45 /home/ambre-aurore/data/SRP808080/SRP808080_20000genes_counts.TMM.fpkm.matrix Exception 1
20 avr. 2017 9:57:32 /home/ambre-aurore/data/SRP808080/SRP808080_20000genes_counts.TMM.fpkm.matrix Exception erreur sur pvalue : indice n< 3 avec n= 2
20 avr. 2017 10:14:46 /home/ambre-aurore/data/SRP808080/SRP808080_20000genes_counts.TMM.fpkm.matrix Exception erreur sur pvalue : indice n< 3 avec n= 2
20 avr. 2017 14:55:7 /home/ambre-aurore/data/SRP888888/SRP888888_20000genes_counts.TMM.fpkm.matrix Exception / by zero
20 avr. 2017 14:56:53 /home/ambre-aurore/data/SRP888888/SRP888888_20000genes_counts.TMM.fpkm.matrix Exception 0
20 avr. 2017 15:0:35 /home/ambre-aurore/data/SRP888888/SRP888888_20000genes_counts.TMM.fpkm.matrix Exception erreur sur pvalue : indice n< 3 avec n= 2
20 avr. 2017 15:2:37 /home/ambre-aurore/data/SRP888888/SRP888888_20000genes_counts.TMM.fpkm.matrix Exception erreur sur pvalue : indice n< 3 avec n= 2
